perltidy version 20121207 log file on a linux system, OLD_PERL_VERSION=5.014002
Configuration and command line parameters for this run:
-nse -nst
To find error messages search for 'WARNING' with your editor
Indentation will be with 4 spaces
Line 1 implies starting-indentation-level = 0
The nesting depths in the table below are at the start of the lines.
The indicated output line numbers are not always exact.
ci = levels of continuation indentation; bk = 1 if in BLOCK, 0 if not.

in:out indent c b  nesting   code + messages; (messages begin with >>>)
lines  levels i k            (code begins with one '.' per indent level)
------  ----- - - --------   -------------------------------------------
L1:1     i0:0 0 1            package REST::Client::Simple;
L8:8     i0:0 0 1            >>>passing VERSION line; -npvl deactivates
L10:10   i0:0 0 1            sub new {
L17:17   i0:0 0 1            sub _request {
L30:30   i0:0 0 1            sub _get_type {
L35:35   i0:0 0 1            sub _get_url {
L48:48   i0:0 0 1            sub _ua {
L58:58   i0:0 0 1            >>>Starting __END__ section
L58:58   i0:0 0 1            >>>Entering POD section
L58:58   i0:0 0 1            >>>Exiting POD section
No indentation disagreement seen

No lines exceeded 80 characters
  Maximum output line length was 79 at line 73
